;  LST file generated by mikroListExporter - v.2.0 
; Date/Time: 15-Oct-20 8:32:31 PM
;----------------------------------------------

;Address Opcode 	ASM
0x0000	0xF000EF39  	GOTO        114
0x0004	0x0000      	NOP
0x0006	0x0000      	NOP
0x0008	0xF000EF00  	GOTO        0
0x000C	0x0000      	NOP
0x000E	0x0000      	NOP
0x0010	0x0000      	NOP
0x0012	0x0000      	NOP
0x0014	0x0000      	NOP
0x0016	0x0000      	NOP
0x0018	0xD7F3      	BRA         0
_EEPROM_Read:
;__Lib_EEPROM_1024.c,8 :: 		
;__Lib_EEPROM_1024.c,10 :: 		
0x001C	0x9CA6      	BCF         EECON1, 6 
;__Lib_EEPROM_1024.c,11 :: 		
0x001E	0xFFAAC017  	MOVFF       FARG_EEPROM_Read_address+1, EEADRH
;__Lib_EEPROM_1024.c,12 :: 		
0x0022	0xFFA9C016  	MOVFF       FARG_EEPROM_Read_address, EEADR
;__Lib_EEPROM_1024.c,13 :: 		
0x0026	0x9EA6      	BCF         EECON1, 7 
;__Lib_EEPROM_1024.c,14 :: 		
0x0028	0x80A6      	BSF         EECON1, 0 
;__Lib_EEPROM_1024.c,16 :: 		
0x002A	0xF000CFA8  	MOVFF       EEDATA, R0
;__Lib_EEPROM_1024.c,18 :: 		
L_end_EEPROM_Read:
0x002E	0x0012      	RETURN      0
; end of _EEPROM_Read
_EEPROM_Write:
;__Lib_EEPROM_1024.c,23 :: 		
;__Lib_EEPROM_1024.c,26 :: 		
L_EEPROM_Write0:
0x0030	0xA2A6      	BTFSS       EECON1, 1 
0x0032	0xD002      	BRA         L_EEPROM_Write1
;__Lib_EEPROM_1024.c,27 :: 		
0x0034	0x0000      	NOP
0x0036	0xD7FC      	BRA         L_EEPROM_Write0
L_EEPROM_Write1:
;__Lib_EEPROM_1024.c,28 :: 		
0x0038	0x9CA6      	BCF         EECON1, 6 
;__Lib_EEPROM_1024.c,29 :: 		
0x003A	0xFFAAC017  	MOVFF       FARG_EEPROM_Write_address+1, EEADRH
;__Lib_EEPROM_1024.c,30 :: 		
0x003E	0xFFA9C016  	MOVFF       FARG_EEPROM_Write_address, EEADR
;__Lib_EEPROM_1024.c,31 :: 		
0x0042	0xFFA8C018  	MOVFF       FARG_EEPROM_Write_data_, EEDATA
;__Lib_EEPROM_1024.c,32 :: 		
0x0046	0x9EA6      	BCF         EECON1, 7 
;__Lib_EEPROM_1024.c,33 :: 		
0x0048	0x84A6      	BSF         EECON1, 2 
;__Lib_EEPROM_1024.c,35 :: 		
0x004A	0xF000CFF2  	MOVFF       INTCON, R0
;__Lib_EEPROM_1024.c,38 :: 		
0x004E	0x9EF2      	BCF         INTCON, 7 
;__Lib_EEPROM_1024.c,39 :: 		
0x0050	0x0E55      	MOVLW       85
0x0052	0x6EA7      	MOVWF       EECON2 
;__Lib_EEPROM_1024.c,40 :: 		
0x0054	0x0EAA      	MOVLW       170
0x0056	0x6EA7      	MOVWF       EECON2 
;__Lib_EEPROM_1024.c,41 :: 		
0x0058	0x82A6      	BSF         EECON1, 1 
;__Lib_EEPROM_1024.c,44 :: 		
0x005A	0xBE00      	BTFSC       R0, 7 
0x005C	0xD002      	BRA         L__EEPROM_Write6
0x005E	0x9EF2      	BCF         INTCON, 7 
0x0060	0xD001      	BRA         L__EEPROM_Write7
L__EEPROM_Write6:
0x0062	0x8EF2      	BSF         INTCON, 7 
L__EEPROM_Write7:
;__Lib_EEPROM_1024.c,46 :: 		
0x0064	0x94A6      	BCF         EECON1, 2 
;__Lib_EEPROM_1024.c,49 :: 		
L_EEPROM_Write2:
0x0066	0xB8A1      	BTFSC       PIR2, 4 
0x0068	0xD002      	BRA         L_EEPROM_Write3
;__Lib_EEPROM_1024.c,50 :: 		
0x006A	0x0000      	NOP
0x006C	0xD7FC      	BRA         L_EEPROM_Write2
L_EEPROM_Write3:
;__Lib_EEPROM_1024.c,52 :: 		
0x006E	0x98A1      	BCF         PIR2, 4 
;__Lib_EEPROM_1024.c,53 :: 		
L_end_EEPROM_Write:
0x0070	0x0012      	RETURN      0
; end of _EEPROM_Write
_main:
;MyProject.c,3 :: 		void main(){
;MyProject.c,4 :: 		ANSELA =  0;                            // Configure AN pins as digital I/O
0x0072	0x010F      	MOVLB       15
0x0074	0x6B38      	CLRF        ANSELA, 1
;MyProject.c,5 :: 		ANSELB = 0;
0x0076	0x6B39      	CLRF        ANSELB, 1
;MyProject.c,6 :: 		ANSELC = 0;
0x0078	0x6B3A      	CLRF        ANSELC, 1
;MyProject.c,7 :: 		ANSELD = 0;
0x007A	0x6B3B      	CLRF        ANSELD, 1
;MyProject.c,8 :: 		ANSELE = 0;
0x007C	0x6B3C      	CLRF        ANSELE, 1
;MyProject.c,9 :: 		C1ON_bit = 0;                          // Disable comparators
0x007E	0x9E79      	BCF         C1ON_bit, BitPos(C1ON_bit+0) 
;MyProject.c,10 :: 		C2ON_bit = 0;
0x0080	0x9E78      	BCF         C2ON_bit, BitPos(C2ON_bit+0) 
;MyProject.c,12 :: 		PORTB = 0;
0x0082	0x6A81      	CLRF        PORTB 
;MyProject.c,13 :: 		PORTC = 0;
0x0084	0x6A82      	CLRF        PORTC 
;MyProject.c,14 :: 		PORTD = 0;
0x0086	0x6A83      	CLRF        PORTD 
;MyProject.c,16 :: 		TRISB = 0;
0x0088	0x6A93      	CLRF        TRISB 
;MyProject.c,17 :: 		TRISC = 0;
0x008A	0x6A94      	CLRF        TRISC 
;MyProject.c,18 :: 		TRISD = 0;
0x008C	0x6A95      	CLRF        TRISD 
;MyProject.c,19 :: 		while(1){
L_main0:
;MyProject.c,20 :: 		for(ii = 0; ii < 32; ii++)             // Fill data buffer
0x008E	0x6A15      	CLRF        _ii 
L_main2:
0x0090	0x0E20      	MOVLW       32
0x0092	0x5C15      	SUBWF       _ii, 0 
0x0094	0xE20B      	BC          L_main3
;MyProject.c,21 :: 		EEPROM_Write(0x80+ii, ii);           // Write data to address 0x80+ii
0x0096	0x5015      	MOVF        _ii, 0 
0x0098	0x0F80      	ADDLW       128
0x009A	0x6E16      	MOVWF       FARG_EEPROM_Write_address 
0x009C	0x6A17      	CLRF        FARG_EEPROM_Write_address+1 
0x009E	0x0E00      	MOVLW       0
0x00A0	0x2217      	ADDWFC      FARG_EEPROM_Write_address+1, 1 
0x00A2	0xF018C015  	MOVFF       _ii, FARG_EEPROM_Write_data_
0x00A6	0xDFC4      	RCALL       _EEPROM_Write
;MyProject.c,20 :: 		for(ii = 0; ii < 32; ii++)             // Fill data buffer
0x00A8	0x2A15      	INCF        _ii, 1 
;MyProject.c,21 :: 		EEPROM_Write(0x80+ii, ii);           // Write data to address 0x80+ii
0x00AA	0xD7F2      	BRA         L_main2
L_main3:
;MyProject.c,23 :: 		EEPROM_Write(0x02,0xAA);               // Write some data at address 2
0x00AC	0x0E02      	MOVLW       2
0x00AE	0x6E16      	MOVWF       FARG_EEPROM_Write_address 
0x00B0	0x0E00      	MOVLW       0
0x00B2	0x6E17      	MOVWF       FARG_EEPROM_Write_address+1 
0x00B4	0x0EAA      	MOVLW       170
0x00B6	0x6E18      	MOVWF       FARG_EEPROM_Write_data_ 
0x00B8	0xDFBB      	RCALL       _EEPROM_Write
;MyProject.c,24 :: 		EEPROM_Write(0x50,0x55);               // Write some data at address 0150
0x00BA	0x0E50      	MOVLW       80
0x00BC	0x6E16      	MOVWF       FARG_EEPROM_Write_address 
0x00BE	0x0E00      	MOVLW       0
0x00C0	0x6E17      	MOVWF       FARG_EEPROM_Write_address+1 
0x00C2	0x0E55      	MOVLW       85
0x00C4	0x6E18      	MOVWF       FARG_EEPROM_Write_data_ 
0x00C6	0xDFB4      	RCALL       _EEPROM_Write
;MyProject.c,26 :: 		Delay_ms(1000);                        // Blink PORTB and PORTC LEDs
0x00C8	0x0E0B      	MOVLW       11
0x00CA	0x6E0B      	MOVWF       R11, 0
0x00CC	0x0E26      	MOVLW       38
0x00CE	0x6E0C      	MOVWF       R12, 0
0x00D0	0x0E5D      	MOVLW       93
0x00D2	0x6E0D      	MOVWF       R13, 0
L_main5:
0x00D4	0x2E0D      	DECFSZ      R13, 1, 0
0x00D6	0xD7FE      	BRA         L_main5
0x00D8	0x2E0C      	DECFSZ      R12, 1, 0
0x00DA	0xD7FC      	BRA         L_main5
0x00DC	0x2E0B      	DECFSZ      R11, 1, 0
0x00DE	0xD7FA      	BRA         L_main5
0x00E0	0x0000      	NOP
0x00E2	0x0000      	NOP
;MyProject.c,27 :: 		PORTB = 0xFF;                          //   to indicate reading start
0x00E4	0x0EFF      	MOVLW       255
0x00E6	0x6E81      	MOVWF       PORTB 
;MyProject.c,28 :: 		PORTC = 0xFF;
0x00E8	0x0EFF      	MOVLW       255
0x00EA	0x6E82      	MOVWF       PORTC 
;MyProject.c,29 :: 		Delay_ms(1000);
0x00EC	0x0E0B      	MOVLW       11
0x00EE	0x6E0B      	MOVWF       R11, 0
0x00F0	0x0E26      	MOVLW       38
0x00F2	0x6E0C      	MOVWF       R12, 0
0x00F4	0x0E5D      	MOVLW       93
0x00F6	0x6E0D      	MOVWF       R13, 0
L_main6:
0x00F8	0x2E0D      	DECFSZ      R13, 1, 0
0x00FA	0xD7FE      	BRA         L_main6
0x00FC	0x2E0C      	DECFSZ      R12, 1, 0
0x00FE	0xD7FC      	BRA         L_main6
0x0100	0x2E0B      	DECFSZ      R11, 1, 0
0x0102	0xD7FA      	BRA         L_main6
0x0104	0x0000      	NOP
0x0106	0x0000      	NOP
;MyProject.c,30 :: 		PORTB = 0x00;
0x0108	0x6A81      	CLRF        PORTB 
;MyProject.c,31 :: 		PORTC = 0x00;
0x010A	0x6A82      	CLRF        PORTC 
;MyProject.c,32 :: 		Delay_ms(1000);
0x010C	0x0E0B      	MOVLW       11
0x010E	0x6E0B      	MOVWF       R11, 0
0x0110	0x0E26      	MOVLW       38
0x0112	0x6E0C      	MOVWF       R12, 0
0x0114	0x0E5D      	MOVLW       93
0x0116	0x6E0D      	MOVWF       R13, 0
L_main7:
0x0118	0x2E0D      	DECFSZ      R13, 1, 0
0x011A	0xD7FE      	BRA         L_main7
0x011C	0x2E0C      	DECFSZ      R12, 1, 0
0x011E	0xD7FC      	BRA         L_main7
0x0120	0x2E0B      	DECFSZ      R11, 1, 0
0x0122	0xD7FA      	BRA         L_main7
0x0124	0x0000      	NOP
0x0126	0x0000      	NOP
;MyProject.c,34 :: 		PORTB = EEPROM_Read(0x02);             // Read data from address 2 and display it on PORTB
0x0128	0x0E02      	MOVLW       2
0x012A	0x6E16      	MOVWF       FARG_EEPROM_Read_address 
0x012C	0x0E00      	MOVLW       0
0x012E	0x6E17      	MOVWF       FARG_EEPROM_Read_address+1 
0x0130	0xDF75      	RCALL       _EEPROM_Read
0x0132	0xFF81C000  	MOVFF       R0, PORTB
;MyProject.c,35 :: 		PORTC = EEPROM_Read(0x50);             // Read data from address 0x50 and display it on PORTC
0x0136	0x0E50      	MOVLW       80
0x0138	0x6E16      	MOVWF       FARG_EEPROM_Read_address 
0x013A	0x0E00      	MOVLW       0
0x013C	0x6E17      	MOVWF       FARG_EEPROM_Read_address+1 
0x013E	0xDF6E      	RCALL       _EEPROM_Read
0x0140	0xFF82C000  	MOVFF       R0, PORTC
;MyProject.c,37 :: 		Delay_ms(1000);
0x0144	0x0E0B      	MOVLW       11
0x0146	0x6E0B      	MOVWF       R11, 0
0x0148	0x0E26      	MOVLW       38
0x014A	0x6E0C      	MOVWF       R12, 0
0x014C	0x0E5D      	MOVLW       93
0x014E	0x6E0D      	MOVWF       R13, 0
L_main8:
0x0150	0x2E0D      	DECFSZ      R13, 1, 0
0x0152	0xD7FE      	BRA         L_main8
0x0154	0x2E0C      	DECFSZ      R12, 1, 0
0x0156	0xD7FC      	BRA         L_main8
0x0158	0x2E0B      	DECFSZ      R11, 1, 0
0x015A	0xD7FA      	BRA         L_main8
0x015C	0x0000      	NOP
0x015E	0x0000      	NOP
;MyProject.c,39 :: 		for(ii = 0; ii < 32; ii++)
0x0160	0x6A15      	CLRF        _ii 
L_main9:
0x0162	0x0E20      	MOVLW       32
0x0164	0x5C15      	SUBWF       _ii, 0 
0x0166	0xE219      	BC          L_main10
;MyProject.c,41 :: 		PORTD = EEPROM_Read(0x80+ii);        //   and display data on PORTD
0x0168	0x5015      	MOVF        _ii, 0 
0x016A	0x0F80      	ADDLW       128
0x016C	0x6E16      	MOVWF       FARG_EEPROM_Read_address 
0x016E	0x6A17      	CLRF        FARG_EEPROM_Read_address+1 
0x0170	0x0E00      	MOVLW       0
0x0172	0x2217      	ADDWFC      FARG_EEPROM_Read_address+1, 1 
0x0174	0xDF53      	RCALL       _EEPROM_Read
0x0176	0xFF83C000  	MOVFF       R0, PORTD
;MyProject.c,42 :: 		Delay_ms(250);
0x017A	0x0E03      	MOVLW       3
0x017C	0x6E0B      	MOVWF       R11, 0
0x017E	0x0E8A      	MOVLW       138
0x0180	0x6E0C      	MOVWF       R12, 0
0x0182	0x0E55      	MOVLW       85
0x0184	0x6E0D      	MOVWF       R13, 0
L_main12:
0x0186	0x2E0D      	DECFSZ      R13, 1, 0
0x0188	0xD7FE      	BRA         L_main12
0x018A	0x2E0C      	DECFSZ      R12, 1, 0
0x018C	0xD7FC      	BRA         L_main12
0x018E	0x2E0B      	DECFSZ      R11, 1, 0
0x0190	0xD7FA      	BRA         L_main12
0x0192	0x0000      	NOP
0x0194	0x0000      	NOP
;MyProject.c,39 :: 		for(ii = 0; ii < 32; ii++)
0x0196	0x2A15      	INCF        _ii, 1 
;MyProject.c,43 :: 		}
0x0198	0xD7E4      	BRA         L_main9
L_main10:
;MyProject.c,44 :: 		}
0x019A	0xD779      	BRA         L_main0
;MyProject.c,45 :: 		}
L_end_main:
0x019C	0xD7FF      	BRA         $+0
; end of _main
Symbol List:
//** Routines locations **
//ADDRESS    SIZE    PROCEDURE
//----------------------------------------------
0x001C      [20]    _EEPROM_Read
0x0030      [66]    _EEPROM_Write
0x0072     [300]    _main
//** Variables locations ** 
//ADDRESS    SIZE    VARIABLE
//----------------------------------------------
0x0000       [1]    R0
0x0000       [1]    EEPROM_Write_SaveINTCON_L0
0x0001       [1]    R1
0x0002       [1]    R2
0x0003       [1]    R3
0x0004       [1]    R4
0x0005       [1]    R5
0x0006       [1]    R6
0x0007       [1]    R7
0x0008       [1]    R8
0x0009       [1]    R9
0x000A       [1]    R10
0x000B       [1]    R11
0x000C       [1]    R12
0x000D       [1]    R13
0x000E       [1]    R14
0x000F       [1]    R15
0x0010       [1]    R16
0x0011       [1]    R17
0x0012       [1]    R18
0x0013       [1]    R19
0x0014       [1]    R20
0x0015       [1]    _ii
0x0016       [2]    FARG_EEPROM_Read_address
0x0016       [2]    FARG_EEPROM_Write_address
0x0018       [1]    FARG_EEPROM_Write_data_
0x0F38       [1]    ANSELA
0x0F39       [1]    ANSELB
0x0F3A       [1]    ANSELC
0x0F3B       [1]    ANSELD
0x0F3C       [1]    ANSELE
0x0F78       [0]    C2ON_bit
0x0F79       [0]    C1ON_bit
0x0F81       [1]    PORTB
0x0F82       [1]    PORTC
0x0F83       [1]    PORTD
0x0F93       [1]    TRISB
0x0F94       [1]    TRISC
0x0F95       [1]    TRISD
0x0FA1       [1]    PIR2
0x0FA6       [1]    EECON1
0x0FA7       [1]    EECON2
0x0FA8       [1]    EEDATA
0x0FA9       [1]    EEADR
0x0FAA       [1]    EEADRH
0x0FD8       [1]    STATUS
0x0FD9       [1]    FSR2L
0x0FDA       [1]    FSR2H
0x0FDE       [1]    POSTINC2
0x0FE0       [1]    BSR
0x0FE1       [1]    FSR1L
0x0FE2       [1]    FSR1H
0x0FE4       [1]    PREINC1
0x0FE6       [1]    POSTINC1
0x0FE7       [1]    INDF1
0x0FE8       [1]    WREG
0x0FE9       [1]    FSR0L
0x0FEA       [1]    FSR0H
0x0FEE       [1]    POSTINC0
0x0FF2       [1]    INTCON
0x0FF3       [1]    PRODL
0x0FF4       [1]    PRODH
0x0FF5       [1]    TABLAT
0x0FF6       [1]    TBLPTRL
0x0FF7       [1]    TBLPTRH
0x0FF8       [1]    TBLPTRU
