;  LST file generated by mikroListExporter - v.2.0 
; Date/Time: 14-Oct-20 5:39:51 PM
;----------------------------------------------

;Address Opcode 	ASM
0x0000	0xF000EF55  	GOTO        170
0x0004	0x0000      	NOP
0x0006	0x0000      	NOP
0x0008	0xF000EF00  	GOTO        0
0x000C	0x0000      	NOP
0x000E	0x0000      	NOP
0x0010	0x0000      	NOP
0x0012	0x0000      	NOP
0x0014	0x0000      	NOP
0x0016	0x0000      	NOP
0x0018	0xD7F3      	BRA         0
_Delay_22us:
;__Lib_Delays.c,15 :: 		void Delay_22us() {
;__Lib_Delays.c,16 :: 		Delay_us(22);
0x001C	0x0E0E      	MOVLW       14
0x001E	0x6E0D      	MOVWF       R13, 0
L_Delay_22us1:
0x0020	0x2E0D      	DECFSZ      R13, 1, 0
0x0022	0xD7FE      	BRA         L_Delay_22us1
0x0024	0x0000      	NOP
;__Lib_Delays.c,17 :: 		}
L_end_Delay_22us:
0x0026	0x0012      	RETURN      0
; end of _Delay_22us
___CC2DW:
;__Lib_System.c,21 :: 		
;__Lib_System.c,23 :: 		
_CC2DL_Loop1:
;__Lib_System.c,24 :: 		
0x0028	0x0009      	TBLRD*+
;__Lib_System.c,25 :: 		
0x002A	0xFFE6CFF5  	MOVFF       TABLAT, POSTINC1
;__Lib_System.c,26 :: 		
0x002E	0x0600      	DECF        R0, 1, 0
;__Lib_System.c,27 :: 		
0x0030	0xE1FB      	BNZ         _CC2DL_Loop1
;__Lib_System.c,28 :: 		
0x0032	0x0601      	DECF        R1, 1, 0
;__Lib_System.c,29 :: 		
0x0034	0xE1F9      	BNZ         _CC2DL_Loop1
;__Lib_System.c,31 :: 		
L_end___CC2DW:
0x0036	0x0012      	RETURN      0
; end of ___CC2DW
_ADC_Read:
;__Lib_ADC_K22_B.c,70 :: 		
;__Lib_ADC_K22_B.c,73 :: 		
0x0038	0x6AC2      	CLRF        ADCON0 
;__Lib_ADC_K22_B.c,74 :: 		
0x003A	0x1C15      	COMF        _vref_mask, 0 
0x003C	0x6E00      	MOVWF       R0 
0x003E	0x5000      	MOVF        R0, 0 
0x0040	0x16C1      	ANDWF       ADCON1, 1 
;__Lib_ADC_K22_B.c,75 :: 		
0x0042	0x0E0F      	MOVLW       15
0x0044	0x12C0      	IORWF       ADCON2, 1 
;__Lib_ADC_K22_B.c,76 :: 		
0x0046	0x8EC0      	BSF         ADCON2, 7 
;__Lib_ADC_K22_B.c,77 :: 		
0x0048	0xF000C018  	MOVFF       FARG_ADC_Read_channel, R0
0x004C	0x3600      	RLCF        R0, 1 
0x004E	0x9000      	BCF         R0, 0 
0x0050	0x3600      	RLCF        R0, 1 
0x0052	0x9000      	BCF         R0, 0 
0x0054	0x5000      	MOVF        R0, 0 
0x0056	0x12C2      	IORWF       ADCON0, 1 
;__Lib_ADC_K22_B.c,78 :: 		
0x0058	0x80C2      	BSF         ADCON0, 0 
;__Lib_ADC_K22_B.c,79 :: 		
0x005A	0xDFE0      	RCALL       _Delay_22us
;__Lib_ADC_K22_B.c,80 :: 		
0x005C	0x82C2      	BSF         ADCON0, 1 
;__Lib_ADC_K22_B.c,81 :: 		
L_ADC_Read7:
0x005E	0xA2C2      	BTFSS       ADCON0, 1 
0x0060	0xD001      	BRA         L_ADC_Read8
;__Lib_ADC_K22_B.c,82 :: 		
0x0062	0xD7FD      	BRA         L_ADC_Read7
L_ADC_Read8:
;__Lib_ADC_K22_B.c,83 :: 		
0x0064	0xF001CFC4  	MOVFF       ADRESH, R1
0x0068	0x6A00      	CLRF        R0 
0x006A	0xF019C000  	MOVFF       R0, ADC_Read_rslt_L0
0x006E	0xF01AC001  	MOVFF       R1, ADC_Read_rslt_L0+1
;__Lib_ADC_K22_B.c,84 :: 		
0x0072	0x50C3      	MOVF        ADRESL, 0 
0x0074	0x1200      	IORWF       R0, 1 
0x0076	0x0E00      	MOVLW       0
0x0078	0x1201      	IORWF       R1, 1 
0x007A	0xF019C000  	MOVFF       R0, ADC_Read_rslt_L0
0x007E	0xF01AC001  	MOVFF       R1, ADC_Read_rslt_L0+1
;__Lib_ADC_K22_B.c,85 :: 		
0x0082	0x90C2      	BCF         ADCON0, 0 
;__Lib_ADC_K22_B.c,86 :: 		
0x0084	0x0E00      	MOVLW       0
0x0086	0x1400      	ANDWF       R0, 0 
0x0088	0x6E02      	MOVWF       R2 
0x008A	0x5001      	MOVF        R1, 0 
0x008C	0x0B80      	ANDLW       128
0x008E	0x6E03      	MOVWF       R3 
0x0090	0x0E00      	MOVLW       0
0x0092	0x1803      	XORWF       R3, 0 
0x0094	0xE102      	BNZ         L__ADC_Read15
0x0096	0x0E00      	MOVLW       0
0x0098	0x1802      	XORWF       R2, 0 
L__ADC_Read15:
0x009A	0xE002      	BZ          L_ADC_Read9
;__Lib_ADC_K22_B.c,87 :: 		
0x009C	0x6A19      	CLRF        ADC_Read_rslt_L0 
0x009E	0x6A1A      	CLRF        ADC_Read_rslt_L0+1 
L_ADC_Read9:
;__Lib_ADC_K22_B.c,88 :: 		
0x00A0	0xF000C019  	MOVFF       ADC_Read_rslt_L0, R0
0x00A4	0xF001C01A  	MOVFF       ADC_Read_rslt_L0+1, R1
;__Lib_ADC_K22_B.c,89 :: 		
L_end_ADC_Read:
0x00A8	0x0012      	RETURN      0
; end of _ADC_Read
_main:
0x00AA	0xF000EC75  	CALL        234, 0
;MyProject.c,3 :: 		void main() {
;MyProject.c,4 :: 		ANSELA  = 0x04;              // Configure AN2 pin as analog
0x00AE	0x0E04      	MOVLW       4
0x00B0	0x010F      	MOVLB       15
0x00B2	0x6F38      	MOVWF       ANSELA, 1
;MyProject.c,5 :: 		ANSELB = 0;                 // Configure other AN pins as digital I/O
0x00B4	0x6B39      	CLRF        ANSELB, 1
;MyProject.c,6 :: 		ANSELC = 0;
0x00B6	0x6B3A      	CLRF        ANSELC, 1
;MyProject.c,7 :: 		ANSELD = 0;
0x00B8	0x6B3B      	CLRF        ANSELD, 1
;MyProject.c,8 :: 		ANSELE = 0;
0x00BA	0x6B3C      	CLRF        ANSELE, 1
;MyProject.c,9 :: 		C1ON_bit = 0;               // Disable comparators
0x00BC	0x9E79      	BCF         C1ON_bit, BitPos(C1ON_bit+0) 
;MyProject.c,10 :: 		C2ON_bit = 0;
0x00BE	0x9E78      	BCF         C2ON_bit, BitPos(C2ON_bit+0) 
;MyProject.c,12 :: 		TRISA  = 0xFF;              // PORTA is input
0x00C0	0x0EFF      	MOVLW       255
0x00C2	0x6E92      	MOVWF       TRISA 
;MyProject.c,13 :: 		TRISC  = 0;                 // PORTC is output
0x00C4	0x6A94      	CLRF        TRISC 
;MyProject.c,14 :: 		TRISB  = 0;                 // PORTB is output
0x00C6	0x6A93      	CLRF        TRISB 
;MyProject.c,16 :: 		do {
L_main0:
;MyProject.c,17 :: 		temp_res = ADC_Read(2);   // Get 10-bit results of AD conversion
0x00C8	0x0E02      	MOVLW       2
0x00CA	0x6E18      	MOVWF       FARG_ADC_Read_channel 
0x00CC	0xDFB5      	RCALL       _ADC_Read
0x00CE	0xF016C000  	MOVFF       R0, _temp_res
0x00D2	0xF017C001  	MOVFF       R1, _temp_res+1
;MyProject.c,18 :: 		PORTB = temp_res;         // Send lower 8 bits to PORTB
0x00D6	0xFF81C000  	MOVFF       R0, PORTB
;MyProject.c,19 :: 		PORTC = temp_res >> 8;    // Send 2 most significant bits to RC1, RC0
0x00DA	0xF002C001  	MOVFF       R1, R2
0x00DE	0x6A03      	CLRF        R3 
0x00E0	0xFF82C002  	MOVFF       R2, PORTC
;MyProject.c,20 :: 		} while(1);
0x00E4	0xD7F1      	BRA         L_main0
;MyProject.c,21 :: 		}
L_end_main:
0x00E6	0xD7FF      	BRA         $+0
; end of _main
0x00EA	0xF015EE10  	LFSR        1, 21
0x00EE	0x0E01      	MOVLW       1
0x00F0	0x6E00      	MOVWF       R0 
0x00F2	0x0E01      	MOVLW       1
0x00F4	0x6E01      	MOVWF       R1 
0x00F6	0x0EE8      	MOVLW       232
0x00F8	0x6EF6      	MOVWF       4086 
0x00FA	0x0E00      	MOVLW       0
0x00FC	0x6EF7      	MOVWF       TBLPTRH 
0x00FE	0x0E00      	MOVLW       0
0x0100	0x6EF8      	MOVWF       TBLPTRU 
0x0102	0xF000EC14  	CALL        40, 0
0x0106	0x0012      	RETURN      0
;__Lib_ADC_K22_B.c,0 :: ?ICS_vref_mask
0x00E8	0x0F ;?ICS_vref_mask+0
; end of ?ICS_vref_mask
Symbol List:
//** Routines locations **
//ADDRESS    SIZE    PROCEDURE
//----------------------------------------------
0x001C      [12]    _Delay_22us
0x0028      [16]    ___CC2DW
0x0038     [114]    _ADC_Read
0x00AA      [62]    _main
//** Variables locations ** 
//ADDRESS    SIZE    VARIABLE
//----------------------------------------------
0x0000       [1]    R0
0x0001       [1]    R1
0x0002       [1]    R2
0x0003       [1]    R3
0x0004       [1]    R4
0x0005       [1]    R5
0x0006       [1]    R6
0x0007       [1]    R7
0x0008       [1]    R8
0x0009       [1]    R9
0x000A       [1]    R10
0x000B       [1]    R11
0x000C       [1]    R12
0x000D       [1]    R13
0x000E       [1]    R14
0x000F       [1]    R15
0x0010       [1]    R16
0x0011       [1]    R17
0x0012       [1]    R18
0x0013       [1]    R19
0x0014       [1]    R20
0x0015       [1]    _vref_mask
0x0016       [2]    _temp_res
0x0018       [1]    FARG_ADC_Read_channel
0x0019       [2]    ADC_Read_rslt_L0
0x0F38       [1]    ANSELA
0x0F39       [1]    ANSELB
0x0F3A       [1]    ANSELC
0x0F3B       [1]    ANSELD
0x0F3C       [1]    ANSELE
0x0F78       [0]    C2ON_bit
0x0F79       [0]    C1ON_bit
0x0F81       [1]    PORTB
0x0F82       [1]    PORTC
0x0F92       [1]    TRISA
0x0F93       [1]    TRISB
0x0F94       [1]    TRISC
0x0FC0       [1]    ADCON2
0x0FC1       [1]    ADCON1
0x0FC2       [1]    ADCON0
0x0FC3       [1]    ADRESL
0x0FC4       [1]    ADRESH
0x0FD8       [1]    STATUS
0x0FD9       [1]    FSR2L
0x0FDA       [1]    FSR2H
0x0FDE       [1]    POSTINC2
0x0FE0       [1]    BSR
0x0FE1       [1]    FSR1L
0x0FE2       [1]    FSR1H
0x0FE4       [1]    PREINC1
0x0FE6       [1]    POSTINC1
0x0FE7       [1]    INDF1
0x0FE8       [1]    WREG
0x0FE9       [1]    FSR0L
0x0FEA       [1]    FSR0H
0x0FEE       [1]    POSTINC0
0x0FF3       [1]    PRODL
0x0FF4       [1]    PRODH
0x0FF5       [1]    TABLAT
0x0FF6       [1]    TBLPTRL
0x0FF7       [1]    TBLPTRH
0x0FF8       [1]    TBLPTRU
//** Constants locations ** 
//ADDRESS    SIZE    CONSTANT
//----------------------------------------------
0x00E8       [1]    ?ICS_vref_mask
