;  LST file generated by mikroListExporter - v.2.0 
; Date/Time: 14-Oct-20 1:43:25 AM
;----------------------------------------------

;Address Opcode 	ASM
0x0000	0xF000EFCF  	GOTO        414
0x0004	0x0000      	NOP
0x0006	0x0000      	NOP
0x0008	0xF000EF00  	GOTO        0
0x000C	0x0000      	NOP
0x000E	0x0000      	NOP
0x0010	0x0000      	NOP
0x0012	0x0000      	NOP
0x0014	0x0000      	NOP
0x0016	0x0000      	NOP
0x0018	0xD7F3      	BRA         0
_PWM1_Init:
;__Lib_PWM_c21.c,35 :: 		
;__Lib_PWM_c21.c,36 :: 		
;__Lib_PWM_c21.c,37 :: 		
0x001C	0x6ABE      	CLRF        CCPR1L 
;__Lib_PWM_c21.c,38 :: 		
0x001E	0x98BD      	BCF         CCP1CON, 4 
;__Lib_PWM_c21.c,39 :: 		
0x0020	0x9ABD      	BCF         CCP1CON, 5 
;__Lib_PWM_c21.c,40 :: 		
L_end_PWM1_Init:
0x0022	0x0012      	RETURN      0
; end of _PWM1_Init
_PWM2_Init:
;__Lib_PWM_c21.c,1 :: 		
;__Lib_PWM_c21.c,2 :: 		
;__Lib_PWM_c21.c,3 :: 		
0x0024	0x6A67      	CLRF        CCPR2L 
;__Lib_PWM_c21.c,4 :: 		
0x0026	0x9866      	BCF         CCP2CON, 4 
;__Lib_PWM_c21.c,5 :: 		
0x0028	0x9A66      	BCF         CCP2CON, 5 
;__Lib_PWM_c21.c,6 :: 		
L_end_PWM2_Init:
0x002A	0x0012      	RETURN      0
; end of _PWM2_Init
_Mul_16X16_U:
;__Lib_Math.c,440 :: 		
;__Lib_Math.c,447 :: 		
0x002C	0x6A0B      	CLRF        R11, 0
;__Lib_Math.c,448 :: 		
0x002E	0x6A0A      	CLRF        R10, 0
;__Lib_Math.c,449 :: 		
0x0030	0x6A09      	CLRF        R9, 0
;__Lib_Math.c,450 :: 		
0x0032	0x5000      	MOVF        R0, 0, 0
;__Lib_Math.c,451 :: 		
0x0034	0x0204      	MULWF       R4, 0
;__Lib_Math.c,453 :: 		
0x0036	0xF009CFF4  	MOVFF       PRODH, R9
;__Lib_Math.c,454 :: 		
0x003A	0xF008CFF3  	MOVFF       PRODL, R8
;__Lib_Math.c,455 :: 		
0x003E	0x5001      	MOVF        R1, 0, 0
;__Lib_Math.c,456 :: 		
0x0040	0x0205      	MULWF       R5, 0
;__Lib_Math.c,458 :: 		
0x0042	0xF00BCFF4  	MOVFF       PRODH, R11
;__Lib_Math.c,459 :: 		
0x0046	0xF00ACFF3  	MOVFF       PRODL, R10
;__Lib_Math.c,460 :: 		
0x004A	0x5000      	MOVF        R0, 0, 0
;__Lib_Math.c,461 :: 		
0x004C	0x0205      	MULWF       R5, 0
;__Lib_Math.c,463 :: 		
0x004E	0x50F3      	MOVF        PRODL, 0, 0
;__Lib_Math.c,464 :: 		
0x0050	0x2609      	ADDWF       R9, 1, 0
;__Lib_Math.c,465 :: 		
0x0052	0x50F4      	MOVF        PRODH, 0, 0
;__Lib_Math.c,466 :: 		
0x0054	0x220A      	ADDWFC      R10, 1, 0
;__Lib_Math.c,467 :: 		
0x0056	0x6AE8      	CLRF        WREG, 0
;__Lib_Math.c,468 :: 		
0x0058	0x220B      	ADDWFC      R11, 1, 0
;__Lib_Math.c,469 :: 		
0x005A	0x5001      	MOVF        R1, 0, 0
;__Lib_Math.c,470 :: 		
0x005C	0x0204      	MULWF       R4, 0
;__Lib_Math.c,472 :: 		
0x005E	0x50F3      	MOVF        PRODL, 0, 0
;__Lib_Math.c,473 :: 		
0x0060	0x2609      	ADDWF       R9, 1, 0
;__Lib_Math.c,474 :: 		
0x0062	0x50F4      	MOVF        PRODH, 0, 0
;__Lib_Math.c,475 :: 		
0x0064	0x220A      	ADDWFC      R10, 1, 0
;__Lib_Math.c,476 :: 		
0x0066	0x6AE8      	CLRF        WREG, 0
;__Lib_Math.c,477 :: 		
0x0068	0x220B      	ADDWFC      R11, 1, 0
;__Lib_Math.c,479 :: 		
0x006A	0xF000C008  	MOVFF       R8, R0
;__Lib_Math.c,480 :: 		
0x006E	0xF001C009  	MOVFF       R9, R1
;__Lib_Math.c,481 :: 		
0x0072	0xF002C00A  	MOVFF       R10, R2
;__Lib_Math.c,482 :: 		
0x0076	0xF003C00B  	MOVFF       R11, R3
;__Lib_Math.c,485 :: 		
L_end_Mul_16X16_U:
0x007A	0x0012      	RETURN      0
; end of _Mul_16X16_U
_PWM1_Set_Duty:
;__Lib_PWM_c21.c,42 :: 		
;__Lib_PWM_c21.c,46 :: 		
0x007C	0x50BB      	MOVF        PR2, 0 
0x007E	0x0F01      	ADDLW       1
0x0080	0x6E00      	MOVWF       R0 
0x0082	0x6A01      	CLRF        R1 
0x0084	0x0E00      	MOVLW       0
0x0086	0x2201      	ADDWFC      R1, 1 
0x0088	0xF004C017  	MOVFF       FARG_PWM1_Set_Duty_new_duty, R4
0x008C	0x0E00      	MOVLW       0
0x008E	0x6E05      	MOVWF       R5 
0x0090	0xDFCD      	RCALL       _Mul_16X16_U
0x0092	0x0E06      	MOVLW       6
0x0094	0x6E02      	MOVWF       R2 
0x0096	0xF004C000  	MOVFF       R0, R4
0x009A	0xF005C001  	MOVFF       R1, R5
0x009E	0x5002      	MOVF        R2, 0 
L__PWM1_Set_Duty10:
0x00A0	0xE005      	BZ          L__PWM1_Set_Duty11
0x00A2	0x3205      	RRCF        R5, 1 
0x00A4	0x3204      	RRCF        R4, 1 
0x00A6	0x9E05      	BCF         R5, 7 
0x00A8	0x0FFF      	ADDLW       255
0x00AA	0xD7FA      	BRA         L__PWM1_Set_Duty10
L__PWM1_Set_Duty11:
;__Lib_PWM_c21.c,47 :: 		
0x00AC	0x0E04      	MOVLW       4
0x00AE	0x6E01      	MOVWF       R1 
0x00B0	0xF000C004  	MOVFF       R4, R0
0x00B4	0x5001      	MOVF        R1, 0 
L__PWM1_Set_Duty12:
0x00B6	0xE004      	BZ          L__PWM1_Set_Duty13
0x00B8	0x3600      	RLCF        R0, 1 
0x00BA	0x9000      	BCF         R0, 0 
0x00BC	0x0FFF      	ADDLW       255
0x00BE	0xD7FB      	BRA         L__PWM1_Set_Duty12
L__PWM1_Set_Duty13:
0x00C0	0x0E30      	MOVLW       48
0x00C2	0x1400      	ANDWF       R0, 0 
0x00C4	0x6E03      	MOVWF       R3 
;__Lib_PWM_c21.c,48 :: 		
0x00C6	0xF000C004  	MOVFF       R4, R0
0x00CA	0xF001C005  	MOVFF       R5, R1
0x00CE	0x3201      	RRCF        R1, 1 
0x00D0	0x3200      	RRCF        R0, 1 
0x00D2	0x9E01      	BCF         R1, 7 
0x00D4	0x3201      	RRCF        R1, 1 
0x00D6	0x3200      	RRCF        R0, 1 
0x00D8	0x9E01      	BCF         R1, 7 
0x00DA	0xFFBEC000  	MOVFF       R0, CCPR1L
;__Lib_PWM_c21.c,49 :: 		
0x00DE	0x0E0F      	MOVLW       15
0x00E0	0x16BD      	ANDWF       CCP1CON, 1 
;__Lib_PWM_c21.c,50 :: 		
0x00E2	0x5003      	MOVF        R3, 0 
0x00E4	0x12BD      	IORWF       CCP1CON, 1 
;__Lib_PWM_c21.c,51 :: 		
L_end_PWM1_Set_Duty:
0x00E6	0x0012      	RETURN      0
; end of _PWM1_Set_Duty
_PWM2_Start:
;__Lib_PWM_c21.c,19 :: 		
;__Lib_PWM_c21.c,20 :: 		
0x00E8	0x9294      	BCF         TRISC1_bit, BitPos(TRISC1_bit+0) 
;__Lib_PWM_c21.c,21 :: 		
0x00EA	0x84BA      	BSF         T2CON, 2 
;__Lib_PWM_c21.c,22 :: 		
0x00EC	0x0E0C      	MOVLW       12
0x00EE	0x1266      	IORWF       CCP2CON, 1 
;__Lib_PWM_c21.c,23 :: 		
L_end_PWM2_Start:
0x00F0	0x0012      	RETURN      0
; end of _PWM2_Start
_PWM1_Start:
;__Lib_PWM_c21.c,53 :: 		
;__Lib_PWM_c21.c,54 :: 		
0x00F2	0x9494      	BCF         TRISC2_bit, BitPos(TRISC2_bit+0) 
;__Lib_PWM_c21.c,55 :: 		
0x00F4	0x84BA      	BSF         T2CON, 2 
;__Lib_PWM_c21.c,56 :: 		
0x00F6	0x0E0C      	MOVLW       12
0x00F8	0x12BD      	IORWF       CCP1CON, 1 
;__Lib_PWM_c21.c,57 :: 		
L_end_PWM1_Start:
0x00FA	0x0012      	RETURN      0
; end of _PWM1_Start
_InitMain:
;MyProject.c,30 :: 		void InitMain() {
;MyProject.c,31 :: 		ANSELA  = 0;                         // Configure AN pins as digital
0x00FC	0x010F      	MOVLB       15
0x00FE	0x6B38      	CLRF        ANSELA, 1
;MyProject.c,32 :: 		ANSELB  = 0;
0x0100	0x6B39      	CLRF        ANSELB, 1
;MyProject.c,33 :: 		ANSELC  = 0;
0x0102	0x6B3A      	CLRF        ANSELC, 1
;MyProject.c,34 :: 		ANSELD  = 0;
0x0104	0x6B3B      	CLRF        ANSELD, 1
;MyProject.c,35 :: 		ANSELE = 0;
0x0106	0x6B3C      	CLRF        ANSELE, 1
;MyProject.c,36 :: 		C1ON_bit = 0;                       // Disable comparators
0x0108	0x9E79      	BCF         C1ON_bit, BitPos(C1ON_bit+0) 
;MyProject.c,37 :: 		C2ON_bit = 0;
0x010A	0x9E78      	BCF         C2ON_bit, BitPos(C2ON_bit+0) 
;MyProject.c,39 :: 		PORTA = 255;
0x010C	0x0EFF      	MOVLW       255
0x010E	0x6E80      	MOVWF       PORTA 
;MyProject.c,40 :: 		TRISA = 255;                        // configure PORTA pins as input
0x0110	0x0EFF      	MOVLW       255
0x0112	0x6E92      	MOVWF       TRISA 
;MyProject.c,41 :: 		PORTB = 0;                          // set PORTB to 0
0x0114	0x6A81      	CLRF        PORTB 
;MyProject.c,42 :: 		TRISB = 0;                          // designate PORTB pins as output
0x0116	0x6A93      	CLRF        TRISB 
;MyProject.c,43 :: 		PORTC = 0;                          // set PORTC to 0
0x0118	0x6A82      	CLRF        PORTC 
;MyProject.c,44 :: 		TRISC = 0;                          // designate PORTC pins as output
0x011A	0x6A94      	CLRF        TRISC 
;MyProject.c,45 :: 		PWM1_Init(20000);                    // Initialize PWM1 module at 5KHz
0x011C	0x90BA      	BCF         T2CON, 0, 0
0x011E	0x92BA      	BCF         T2CON, 1, 0
0x0120	0x0E63      	MOVLW       99
0x0122	0x6EBB      	MOVWF       PR2, 0
0x0124	0xDF7B      	RCALL       _PWM1_Init
;MyProject.c,46 :: 		PWM2_Init(20000);                    // Initialize PWM2 module at 5KHz
0x0126	0x90BA      	BCF         T2CON, 0, 0
0x0128	0x92BA      	BCF         T2CON, 1, 0
0x012A	0x0E63      	MOVLW       99
0x012C	0x6EBB      	MOVWF       PR2, 0
0x012E	0xDF7A      	RCALL       _PWM2_Init
;MyProject.c,47 :: 		}
L_end_InitMain:
0x0130	0x0012      	RETURN      0
; end of _InitMain
_PWM2_Set_Duty:
;__Lib_PWM_c21.c,8 :: 		
;__Lib_PWM_c21.c,12 :: 		
0x0132	0x50BB      	MOVF        PR2, 0 
0x0134	0x0F01      	ADDLW       1
0x0136	0x6E00      	MOVWF       R0 
0x0138	0x6A01      	CLRF        R1 
0x013A	0x0E00      	MOVLW       0
0x013C	0x2201      	ADDWFC      R1, 1 
0x013E	0xF004C017  	MOVFF       FARG_PWM2_Set_Duty_new_duty, R4
0x0142	0x0E00      	MOVLW       0
0x0144	0x6E05      	MOVWF       R5 
0x0146	0xDF72      	RCALL       _Mul_16X16_U
0x0148	0x0E06      	MOVLW       6
0x014A	0x6E02      	MOVWF       R2 
0x014C	0xF004C000  	MOVFF       R0, R4
0x0150	0xF005C001  	MOVFF       R1, R5
0x0154	0x5002      	MOVF        R2, 0 
L__PWM2_Set_Duty2:
0x0156	0xE005      	BZ          L__PWM2_Set_Duty3
0x0158	0x3205      	RRCF        R5, 1 
0x015A	0x3204      	RRCF        R4, 1 
0x015C	0x9E05      	BCF         R5, 7 
0x015E	0x0FFF      	ADDLW       255
0x0160	0xD7FA      	BRA         L__PWM2_Set_Duty2
L__PWM2_Set_Duty3:
;__Lib_PWM_c21.c,13 :: 		
0x0162	0x0E04      	MOVLW       4
0x0164	0x6E01      	MOVWF       R1 
0x0166	0xF000C004  	MOVFF       R4, R0
0x016A	0x5001      	MOVF        R1, 0 
L__PWM2_Set_Duty4:
0x016C	0xE004      	BZ          L__PWM2_Set_Duty5
0x016E	0x3600      	RLCF        R0, 1 
0x0170	0x9000      	BCF         R0, 0 
0x0172	0x0FFF      	ADDLW       255
0x0174	0xD7FB      	BRA         L__PWM2_Set_Duty4
L__PWM2_Set_Duty5:
0x0176	0x0E30      	MOVLW       48
0x0178	0x1400      	ANDWF       R0, 0 
0x017A	0x6E03      	MOVWF       R3 
;__Lib_PWM_c21.c,14 :: 		
0x017C	0xF000C004  	MOVFF       R4, R0
0x0180	0xF001C005  	MOVFF       R5, R1
0x0184	0x3201      	RRCF        R1, 1 
0x0186	0x3200      	RRCF        R0, 1 
0x0188	0x9E01      	BCF         R1, 7 
0x018A	0x3201      	RRCF        R1, 1 
0x018C	0x3200      	RRCF        R0, 1 
0x018E	0x9E01      	BCF         R1, 7 
0x0190	0xFF67C000  	MOVFF       R0, CCPR2L
;__Lib_PWM_c21.c,15 :: 		
0x0194	0x0E0F      	MOVLW       15
0x0196	0x1666      	ANDWF       CCP2CON, 1 
;__Lib_PWM_c21.c,16 :: 		
0x0198	0x5003      	MOVF        R3, 0 
0x019A	0x1266      	IORWF       CCP2CON, 1 
;__Lib_PWM_c21.c,17 :: 		
L_end_PWM2_Set_Duty:
0x019C	0x0012      	RETURN      0
; end of _PWM2_Set_Duty
_main:
;MyProject.c,49 :: 		void main() {
;MyProject.c,50 :: 		InitMain();
0x019E	0xDFAE      	RCALL       _InitMain
;MyProject.c,51 :: 		current_duty  = 16;                 // initial value for current_duty
0x01A0	0x0E10      	MOVLW       16
0x01A2	0x6E16      	MOVWF       _current_duty 
;MyProject.c,52 :: 		current_duty1 = 16;                 // initial value for current_duty1
0x01A4	0x0E10      	MOVLW       16
0x01A6	0x6E15      	MOVWF       _current_duty1 
;MyProject.c,54 :: 		PWM1_Start();                       // start PWM1
0x01A8	0xDFA4      	RCALL       _PWM1_Start
;MyProject.c,55 :: 		PWM2_Start();                       // start PWM2
0x01AA	0xDF9E      	RCALL       _PWM2_Start
;MyProject.c,56 :: 		PWM1_Set_Duty(current_duty);        // Set current duty for PWM1
0x01AC	0xF017C016  	MOVFF       _current_duty, FARG_PWM1_Set_Duty_new_duty
0x01B0	0xDF65      	RCALL       _PWM1_Set_Duty
;MyProject.c,57 :: 		PWM2_Set_Duty(current_duty1);       // Set current duty for PWM2
0x01B2	0xF017C015  	MOVFF       _current_duty1, FARG_PWM2_Set_Duty_new_duty
0x01B6	0xDFBD      	RCALL       _PWM2_Set_Duty
;MyProject.c,59 :: 		while (1) {                         // endless loop
L_main0:
;MyProject.c,60 :: 		if (RA0_bit) {                    // button on RA0 pressed
0x01B8	0xA080      	BTFSS       RA0_bit, BitPos(RA0_bit+0) 
0x01BA	0xD00D      	BRA         L_main2
;MyProject.c,61 :: 		Delay_ms(40);
0x01BC	0x0E68      	MOVLW       104
0x01BE	0x6E0C      	MOVWF       R12, 0
0x01C0	0x0EE4      	MOVLW       228
0x01C2	0x6E0D      	MOVWF       R13, 0
L_main3:
0x01C4	0x2E0D      	DECFSZ      R13, 1, 0
0x01C6	0xD7FE      	BRA         L_main3
0x01C8	0x2E0C      	DECFSZ      R12, 1, 0
0x01CA	0xD7FC      	BRA         L_main3
0x01CC	0x0000      	NOP
;MyProject.c,62 :: 		current_duty++;                 // increment current_duty
0x01CE	0x2A16      	INCF        _current_duty, 1 
;MyProject.c,63 :: 		PWM1_Set_Duty(current_duty);
0x01D0	0xF017C016  	MOVFF       _current_duty, FARG_PWM1_Set_Duty_new_duty
0x01D4	0xDF53      	RCALL       _PWM1_Set_Duty
;MyProject.c,64 :: 		}
L_main2:
;MyProject.c,66 :: 		if (RA1_bit) {                    // button on RA1 pressed
0x01D6	0xA280      	BTFSS       RA1_bit, BitPos(RA1_bit+0) 
0x01D8	0xD00D      	BRA         L_main4
;MyProject.c,67 :: 		Delay_ms(40);
0x01DA	0x0E68      	MOVLW       104
0x01DC	0x6E0C      	MOVWF       R12, 0
0x01DE	0x0EE4      	MOVLW       228
0x01E0	0x6E0D      	MOVWF       R13, 0
L_main5:
0x01E2	0x2E0D      	DECFSZ      R13, 1, 0
0x01E4	0xD7FE      	BRA         L_main5
0x01E6	0x2E0C      	DECFSZ      R12, 1, 0
0x01E8	0xD7FC      	BRA         L_main5
0x01EA	0x0000      	NOP
;MyProject.c,68 :: 		current_duty--;                 // decrement current_duty
0x01EC	0x0616      	DECF        _current_duty, 1 
;MyProject.c,69 :: 		PWM1_Set_Duty(current_duty);
0x01EE	0xF017C016  	MOVFF       _current_duty, FARG_PWM1_Set_Duty_new_duty
0x01F2	0xDF44      	RCALL       _PWM1_Set_Duty
;MyProject.c,70 :: 		}
L_main4:
;MyProject.c,72 :: 		if (RA2_bit) {                    // button on RA2 pressed
0x01F4	0xA480      	BTFSS       RA2_bit, BitPos(RA2_bit+0) 
0x01F6	0xD00D      	BRA         L_main6
;MyProject.c,73 :: 		Delay_ms(40);
0x01F8	0x0E68      	MOVLW       104
0x01FA	0x6E0C      	MOVWF       R12, 0
0x01FC	0x0EE4      	MOVLW       228
0x01FE	0x6E0D      	MOVWF       R13, 0
L_main7:
0x0200	0x2E0D      	DECFSZ      R13, 1, 0
0x0202	0xD7FE      	BRA         L_main7
0x0204	0x2E0C      	DECFSZ      R12, 1, 0
0x0206	0xD7FC      	BRA         L_main7
0x0208	0x0000      	NOP
;MyProject.c,74 :: 		current_duty1++;                // increment current_duty1
0x020A	0x2A15      	INCF        _current_duty1, 1 
;MyProject.c,75 :: 		PWM2_Set_Duty(current_duty1);
0x020C	0xF017C015  	MOVFF       _current_duty1, FARG_PWM2_Set_Duty_new_duty
0x0210	0xDF90      	RCALL       _PWM2_Set_Duty
;MyProject.c,76 :: 		}
L_main6:
;MyProject.c,78 :: 		if (RA3_bit) {                    // button on RA3 pressed
0x0212	0xA680      	BTFSS       RA3_bit, BitPos(RA3_bit+0) 
0x0214	0xD00D      	BRA         L_main8
;MyProject.c,79 :: 		Delay_ms(40);
0x0216	0x0E68      	MOVLW       104
0x0218	0x6E0C      	MOVWF       R12, 0
0x021A	0x0EE4      	MOVLW       228
0x021C	0x6E0D      	MOVWF       R13, 0
L_main9:
0x021E	0x2E0D      	DECFSZ      R13, 1, 0
0x0220	0xD7FE      	BRA         L_main9
0x0222	0x2E0C      	DECFSZ      R12, 1, 0
0x0224	0xD7FC      	BRA         L_main9
0x0226	0x0000      	NOP
;MyProject.c,80 :: 		current_duty1--;                // decrement current_duty1
0x0228	0x0615      	DECF        _current_duty1, 1 
;MyProject.c,81 :: 		PWM2_Set_Duty(current_duty1);
0x022A	0xF017C015  	MOVFF       _current_duty1, FARG_PWM2_Set_Duty_new_duty
0x022E	0xDF81      	RCALL       _PWM2_Set_Duty
;MyProject.c,82 :: 		}
L_main8:
;MyProject.c,84 :: 		Delay_ms(5);                      // slow down change pace a little
0x0230	0x0E0D      	MOVLW       13
0x0232	0x6E0C      	MOVWF       R12, 0
0x0234	0x0EFB      	MOVLW       251
0x0236	0x6E0D      	MOVWF       R13, 0
L_main10:
0x0238	0x2E0D      	DECFSZ      R13, 1, 0
0x023A	0xD7FE      	BRA         L_main10
0x023C	0x2E0C      	DECFSZ      R12, 1, 0
0x023E	0xD7FC      	BRA         L_main10
0x0240	0x0000      	NOP
0x0242	0x0000      	NOP
;MyProject.c,85 :: 		}
0x0244	0xD7B9      	BRA         L_main0
;MyProject.c,86 :: 		}
L_end_main:
0x0246	0xD7FF      	BRA         $+0
; end of _main
Symbol List:
//** Routines locations **
//ADDRESS    SIZE    PROCEDURE
//----------------------------------------------
0x001C       [8]    _PWM1_Init
0x0024       [8]    _PWM2_Init
0x002C      [80]    _Mul_16X16_U
0x007C     [108]    _PWM1_Set_Duty
0x00E8      [10]    _PWM2_Start
0x00F2      [10]    _PWM1_Start
0x00FC      [54]    _InitMain
0x0132     [108]    _PWM2_Set_Duty
0x019E     [170]    _main
//** Variables locations ** 
//ADDRESS    SIZE    VARIABLE
//----------------------------------------------
0x0000       [1]    R0
0x0001       [1]    R1
0x0002       [1]    R2
0x0003       [1]    R3
0x0004       [1]    R4
0x0005       [1]    R5
0x0006       [1]    R6
0x0007       [1]    R7
0x0008       [1]    R8
0x0009       [1]    R9
0x000A       [1]    R10
0x000B       [1]    R11
0x000C       [1]    R12
0x000D       [1]    R13
0x000E       [1]    R14
0x000F       [1]    R15
0x0010       [1]    R16
0x0011       [1]    R17
0x0012       [1]    R18
0x0013       [1]    R19
0x0014       [1]    R20
0x0015       [1]    _current_duty1
0x0016       [1]    _current_duty
0x0017       [1]    FARG_PWM1_Set_Duty_new_duty
0x0017       [1]    FARG_PWM2_Set_Duty_new_duty
0x0018       [4]    FARG_PWM1_Init_PWM_Freq
0x0018       [4]    FARG_PWM2_Init_PWM_Freq
0x0F38       [1]    ANSELA
0x0F39       [1]    ANSELB
0x0F3A       [1]    ANSELC
0x0F3B       [1]    ANSELD
0x0F3C       [1]    ANSELE
0x0F66       [1]    CCP2CON
0x0F67       [1]    CCPR2L
0x0F78       [0]    C2ON_bit
0x0F79       [0]    C1ON_bit
0x0F80       [0]    RA1_bit
0x0F80       [0]    RA0_bit
0x0F80       [1]    PORTA
0x0F80       [0]    RA2_bit
0x0F80       [0]    RA3_bit
0x0F81       [1]    PORTB
0x0F82       [1]    PORTC
0x0F92       [1]    TRISA
0x0F93       [1]    TRISB
0x0F94       [0]    TRISC2_bit
0x0F94       [0]    TRISC1_bit
0x0F94       [1]    TRISC
0x0FBA       [1]    T2CON
0x0FBB       [1]    PR2
0x0FBD       [1]    CCP1CON
0x0FBE       [1]    CCPR1L
0x0FD8       [1]    STATUS
0x0FD9       [1]    FSR2L
0x0FDA       [1]    FSR2H
0x0FDE       [1]    POSTINC2
0x0FE0       [1]    BSR
0x0FE1       [1]    FSR1L
0x0FE2       [1]    FSR1H
0x0FE4       [1]    PREINC1
0x0FE6       [1]    POSTINC1
0x0FE7       [1]    INDF1
0x0FE8       [1]    WREG
0x0FE9       [1]    FSR0L
0x0FEA       [1]    FSR0H
0x0FEE       [1]    POSTINC0
0x0FF3       [1]    PRODL
0x0FF4       [1]    PRODH
0x0FF5       [1]    TABLAT
0x0FF6       [1]    TBLPTRL
0x0FF7       [1]    TBLPTRH
0x0FF8       [1]    TBLPTRU
